{
library : {
name   : "Behaviour";
type   : SHARED_LIBRARY;
prefix : "lib";
suffix : "dylib";
install_path : "";
sources : {
"Elasticity-generic.cxx",
"Elasticity.cxx"
};
cppflags : {
"$(shell tfel-config --cppflags --compiler-flags)"
};
include_directories : {
"$(shell tfel-config --include-path)"
};
link_directories : {
"$(shell tfel-config --library-path)"
};
link_libraries : {
"$(shell tfel-config --library-dependency --material --mfront-profiling --physical-constants)"
};
epts : {
"Elasticity_AxisymmetricalGeneralisedPlaneStrain",
"Elasticity_Axisymmetrical",
"Elasticity_PlaneStrain",
"Elasticity_GeneralisedPlaneStrain",
"Elasticity_Tridimensional"
};
};
headers : {
"TFEL/Material/Elasticity.hxx",
"TFEL/Material/ElasticityBehaviourData.hxx",
"TFEL/Material/ElasticityIntegrationData.hxx",
"MFront/GenericBehaviour/Elasticity-generic.hxx"
};
};
